<?xml version="1.0" encoding="UTF-8"?>
<!-- Generated by org.testng.reporters.JUnitReportReporter -->
<testsuite hostname="USER-PC" failures="0" tests="8" name="practise.AppiumFramework.SwagLabTest" time="30.893" errors="0" timestamp="2021-09-07T09:53:08 IST" skipped="7">
  <testcase classname="practise.AppiumFramework.SwagLabTest" name="SwagLabs_SanityScenario" time="30.893"/>
  <system-out/>
  <testcase classname="practise.AppiumFramework.SwagLabTest" name="SwagLabs_AddProduct_Checkout_FinalCancel">
    <skipped/>
  </testcase> <!-- SwagLabs_AddProduct_Checkout_FinalCancel -->
  <system-out/>
  <testcase classname="practise.AppiumFramework.SwagLabTest" name="SwagLabs_AddProduct_Checkout_Cancel">
    <skipped/>
  </testcase> <!-- SwagLabs_AddProduct_Checkout_Cancel -->
  <system-out/>
  <testcase classname="practise.AppiumFramework.SwagLabTest" name="SwagLabs_MultipleProductCheckout">
    <skipped/>
  </testcase> <!-- SwagLabs_MultipleProductCheckout -->
  <system-out/>
  <testcase classname="practise.AppiumFramework.SwagLabTest" name="SwagLabs_AddProduct_Checkout_AmountValidation">
    <skipped/>
  </testcase> <!-- SwagLabs_AddProduct_Checkout_AmountValidation -->
  <system-out/>
  <testcase classname="practise.AppiumFramework.SwagLabTest" name="SwagLabs_AddProduct_Remove_Checkout">
    <skipped/>
  </testcase> <!-- SwagLabs_AddProduct_Remove_Checkout -->
  <system-out/>
  <testcase classname="practise.AppiumFramework.SwagLabTest" name="SwagLabs_AddProduct_ContinueShopping_Checkout">
    <skipped/>
  </testcase> <!-- SwagLabs_AddProduct_ContinueShopping_Checkout -->
  <system-out/>
  <testcase classname="practise.AppiumFramework.SwagLabTest" name="SwagLabs_MultipleProductAdd_RemoveAll_Checkout">
    <skipped/>
  </testcase> <!-- SwagLabs_MultipleProductAdd_RemoveAll_Checkout -->
  <system-out/>
</testsuite> <!-- practise.AppiumFramework.SwagLabTest -->
