<?xml version="1.0" encoding="UTF-8"?>
<!-- Generated by org.testng.reporters.JUnitReportReporter -->
<testsuite hostname="USER-PC" failures="0" tests="1" name="com.SwagLabs.TestCases.SwagLab_TC05_ContinueShopping_AddProduct" time="47.058" errors="0" timestamp="2021-09-23T18:14:38 IST" skipped="0">
  <testcase classname="com.SwagLabs.TestCases.SwagLab_TC05_ContinueShopping_AddProduct" name="swagLabsTC05" time="47.058"/>
  <system-out/>
</testsuite> <!-- com.SwagLabs.TestCases.SwagLab_TC05_ContinueShopping_AddProduct -->
