<?xml version="1.0" encoding="UTF-8"?>
<!-- Generated by org.testng.reporters.JUnitReportReporter -->
<testsuite hostname="USER-PC" failures="0" tests="8" name="com.SwagLabs.TestCases.SwagLabTest" time="327.837" errors="0" timestamp="2021-09-15T10:26:47 IST" skipped="1">
  <testcase classname="com.SwagLabs.TestCases.SwagLabTest" name="swagLabsTC01" time="50.152"/>
  <system-out/>
  <testcase classname="com.SwagLabs.TestCases.SwagLabTest" name="swagLabsTC06" time="37.069"/>
  <system-out/>
  <testcase classname="com.SwagLabs.TestCases.SwagLabTest" name="swagLabsTC05" time="51.290"/>
  <system-out/>
  <testcase classname="com.SwagLabs.TestCases.SwagLabTest" name="swagLabsTC02" time="45.398"/>
  <system-out/>
  <testcase classname="com.SwagLabs.TestCases.SwagLabTest" name="swagLabsTC03" time="47.544"/>
  <system-out/>
  <testcase classname="com.SwagLabs.TestCases.SwagLabTest" name="swagLabsTC07" time="48.496"/>
  <system-out/>
  <testcase classname="com.SwagLabs.TestCases.SwagLabTest" name="swagLabsTC04" time="47.888"/>
  <system-out/>
  <testcase classname="com.SwagLabs.TestCases.SwagLabTest" name="swagLabsTC08">
    <skipped/>
  </testcase> <!-- swagLabsTC08 -->
  <system-out/>
</testsuite> <!-- com.SwagLabs.TestCases.SwagLabTest -->
