<?xml version="1.0" encoding="UTF-8"?>
<!-- Generated by org.testng.reporters.JUnitReportReporter -->
<testsuite skipped="0" hostname="DESKTOP-MIJIJ1K" name="com.SwagLabs.TestCases.SwagLab_TC09_ProblemUser_InventoryPageValidation" tests="1" failures="0" timestamp="2021-10-13T18:13:04 IST" time="23.292" errors="0">
  <testcase name="swagLabsTC10" time="23.292" classname="com.SwagLabs.TestCases.SwagLab_TC09_ProblemUser_InventoryPageValidation"/>
  <system-out/>
</testsuite> <!-- com.SwagLabs.TestCases.SwagLab_TC09_ProblemUser_InventoryPageValidation -->
