<?xml version="1.0" encoding="UTF-8"?>
<!-- Generated by org.testng.reporters.JUnitReportReporter -->
<testsuite skipped="0" hostname="DESKTOP-MIJIJ1K" name="com.SwagLabs.TestCases.SwagLab_TC08_AddProduct_InventoryPage" tests="1" failures="0" timestamp="2021-10-13T18:13:03 IST" time="54.319" errors="0">
  <testcase name="swagLabsTC08" time="54.319" classname="com.SwagLabs.TestCases.SwagLab_TC08_AddProduct_InventoryPage"/>
  <system-out/>
</testsuite> <!-- com.SwagLabs.TestCases.SwagLab_TC08_AddProduct_InventoryPage -->
