<?xml version="1.0" encoding="UTF-8"?>
<!-- Generated by org.testng.reporters.JUnitReportReporter -->
<testsuite hostname="USER-PC" failures="0" tests="1" name="com.SwagLabs.TestCases.SwagLab_TC09_ProblemUser_InventoryPageValidation" time="26.523" errors="0" timestamp="2021-09-23T18:14:38 IST" skipped="0">
  <testcase classname="com.SwagLabs.TestCases.SwagLab_TC09_ProblemUser_InventoryPageValidation" name="swagLabsTC10" time="26.523"/>
  <system-out/>
</testsuite> <!-- com.SwagLabs.TestCases.SwagLab_TC09_ProblemUser_InventoryPageValidation -->
