<?xml version="1.0" encoding="UTF-8"?>
<!-- Generated by org.testng.reporters.JUnitReportReporter -->
<testsuite hostname="USER-PC" failures="0" tests="1" name="com.SwagLabs.TestCases.SwagLab_TC08" time="55.759" errors="0" timestamp="2021-09-20T12:47:42 IST" skipped="0">
  <testcase classname="com.SwagLabs.TestCases.SwagLab_TC08" name="swagLabsTC08" time="55.759"/>
  <system-out/>
</testsuite> <!-- com.SwagLabs.TestCases.SwagLab_TC08 -->
