<?xml version="1.0" encoding="UTF-8"?>
<!-- Generated by org.testng.reporters.JUnitReportReporter -->
<testsuite skipped="0" hostname="DESKTOP-MIJIJ1K" name="com.SwagLabs.TestCases.SwagLab_TC02_SingleProduct_Checkout" tests="1" failures="0" timestamp="2021-10-13T18:13:04 IST" time="35.926" errors="0">
  <testcase name="swagLabsTC02" time="35.926" classname="com.SwagLabs.TestCases.SwagLab_TC02_SingleProduct_Checkout"/>
  <system-out/>
</testsuite> <!-- com.SwagLabs.TestCases.SwagLab_TC02_SingleProduct_Checkout -->
