<?xml version="1.0" encoding="UTF-8"?>
<!-- Generated by org.testng.reporters.JUnitReportReporter -->
<testsuite hostname="USER-PC" failures="0" tests="1" name="com.SwagLabs.TestCases.SwagLabs_PreCondition" time="0.169" errors="0" timestamp="2021-09-19T18:13:04 IST" skipped="0">
  <testcase classname="com.SwagLabs.TestCases.SwagLabs_PreCondition" name="SetupExtentReport" time="0.169"/>
  <system-out/>
</testsuite> <!-- com.SwagLabs.TestCases.SwagLabs_PreCondition -->
