<?xml version="1.0" encoding="UTF-8"?>
<!-- Generated by org.testng.reporters.JUnitReportReporter -->
<testsuite hostname="USER-PC" failures="0" tests="1" name="com.SwagLabs.TestCases.SwagLabs_PostCondition" time="0.301" errors="0" timestamp="2021-09-20T12:47:42 IST" skipped="0">
  <testcase classname="com.SwagLabs.TestCases.SwagLabs_PostCondition" name="SetupExtentReport" time="0.301"/>
  <system-out/>
</testsuite> <!-- com.SwagLabs.TestCases.SwagLabs_PostCondition -->
