<?xml version="1.0" encoding="UTF-8"?>
<!-- Generated by org.testng.reporters.JUnitReportReporter -->
<testsuite hostname="USER-PC" failures="0" tests="1" name="com.SwagLabs.TestCases.SwagLab_TC07_AddProduct_Cancel_CheckoutOverview" time="34.323" errors="0" timestamp="2021-09-23T18:14:38 IST" skipped="0">
  <testcase classname="com.SwagLabs.TestCases.SwagLab_TC07_AddProduct_Cancel_CheckoutOverview" name="swagLabsTC07" time="34.323"/>
  <system-out/>
</testsuite> <!-- com.SwagLabs.TestCases.SwagLab_TC07_AddProduct_Cancel_CheckoutOverview -->
