<?xml version="1.0" encoding="UTF-8"?>
<!-- Generated by org.testng.reporters.JUnitReportReporter -->
<testsuite hostname="USER-PC" failures="0" tests="1" name="com.SwagLabs.TestCases.SwagLab_TC01_MultipleProduct_Checkout_Parallel" time="49.715" errors="0" timestamp="2021-09-23T00:15:43 IST" skipped="0">
  <testcase classname="com.SwagLabs.TestCases.SwagLab_TC01_MultipleProduct_Checkout_Parallel" name="swagLabsTC01" time="49.715"/>
  <system-out/>
</testsuite> <!-- com.SwagLabs.TestCases.SwagLab_TC01_MultipleProduct_Checkout_Parallel -->
