<?xml version="1.0" encoding="UTF-8"?>
<!-- Generated by org.testng.reporters.JUnitReportReporter -->
<testsuite hostname="USER-PC" failures="0" tests="1" name="com.SwagLabs.TestCases.SwagLab_TC04" time="45.445" errors="0" timestamp="2021-09-19T18:13:04 IST" skipped="0">
  <testcase classname="com.SwagLabs.TestCases.SwagLab_TC04" name="swagLabsTC04" time="45.445"/>
  <system-out/>
</testsuite> <!-- com.SwagLabs.TestCases.SwagLab_TC04 -->
