<?xml version="1.0" encoding="UTF-8"?>
<!-- Generated by org.testng.reporters.JUnitReportReporter -->
<testsuite hostname="USER-PC" failures="0" tests="2" name="com.SwagLabs.TestCases.SwagLabs_PreCondition" time="0.602" errors="0" timestamp="2021-09-23T17:42:36 IST" skipped="0">
  <testcase classname="com.SwagLabs.TestCases.SwagLabs_PreCondition" name="SetupExtentReport" time="0.190"/>
  <system-out/>
  <testcase classname="com.SwagLabs.TestCases.SwagLabs_PreCondition" name="SetupExtentReport" time="0.412"/>
  <system-out/>
</testsuite> <!-- com.SwagLabs.TestCases.SwagLabs_PreCondition -->
