<?xml version="1.0" encoding="UTF-8"?>
<!-- Generated by org.testng.reporters.JUnitReportReporter -->
<testsuite hostname="USER-PC" failures="0" tests="1" name="com.SwagLabs.TestCases.SwagLab_TC06" time="41.965" errors="0" timestamp="2021-09-20T16:55:12 IST" skipped="0">
  <testcase classname="com.SwagLabs.TestCases.SwagLab_TC06" name="swagLabsTC06" time="41.965"/>
  <system-out/>
</testsuite> <!-- com.SwagLabs.TestCases.SwagLab_TC06 -->
