<?xml version="1.0" encoding="UTF-8"?>
<!-- Generated by org.testng.reporters.JUnitReportReporter -->
<testsuite hostname="USER-PC" failures="0" tests="1" name="com.SwagLabs.TestCases.SwagLab_TC03" time="38.659" errors="0" timestamp="2021-09-20T12:47:42 IST" skipped="0">
  <testcase classname="com.SwagLabs.TestCases.SwagLab_TC03" name="swagLabsTC03" time="38.659"/>
  <system-out/>
</testsuite> <!-- com.SwagLabs.TestCases.SwagLab_TC03 -->
