<?xml version="1.0" encoding="UTF-8"?>
<!-- Generated by org.testng.reporters.JUnitReportReporter -->
<testsuite hostname="USER-PC" failures="0" tests="1" name="com.SwagLabs.TestCases.SwagLab_TC03_MultipleProduct_RemoveAll" time="39.060" errors="0" timestamp="2021-09-21T00:14:17 IST" skipped="0">
  <testcase classname="com.SwagLabs.TestCases.SwagLab_TC03_MultipleProduct_RemoveAll" name="swagLabsTC03" time="39.060"/>
  <system-out/>
</testsuite> <!-- com.SwagLabs.TestCases.SwagLab_TC03_MultipleProduct_RemoveAll -->
