<?xml version="1.0" encoding="UTF-8"?>
<!-- Generated by org.testng.reporters.JUnitReportReporter -->
<testsuite hostname="USER-PC" failures="0" tests="1" name="com.SwagLabs.TestCases.SwagLab_TC06_AddProduct_Cancel_CheckoutInfo" time="29.761" errors="0" timestamp="2021-09-20T21:53:36 IST" skipped="0">
  <testcase classname="com.SwagLabs.TestCases.SwagLab_TC06_AddProduct_Cancel_CheckoutInfo" name="swagLabsTC06" time="29.761"/>
  <system-out/>
</testsuite> <!-- com.SwagLabs.TestCases.SwagLab_TC06_AddProduct_Cancel_CheckoutInfo -->
