<?xml version="1.0" encoding="UTF-8"?>
<!-- Generated by org.testng.reporters.JUnitReportReporter -->
<testsuite hostname="USER-PC" failures="0" tests="1" name="com.SwagLabs.TestCases.SwagLab_TC08_AddProduct_InventoryPage" time="56.046" errors="0" timestamp="2021-09-21T00:14:17 IST" skipped="0">
  <testcase classname="com.SwagLabs.TestCases.SwagLab_TC08_AddProduct_InventoryPage" name="swagLabsTC08" time="56.046"/>
  <system-out/>
</testsuite> <!-- com.SwagLabs.TestCases.SwagLab_TC08_AddProduct_InventoryPage -->
