<?xml version="1.0" encoding="UTF-8"?>
<!-- Generated by org.testng.reporters.JUnitReportReporter -->
<testsuite hostname="USER-PC" failures="0" tests="1" name="com.SwagLabs.TestCases.SwagLab_TC05" time="47.715" errors="0" timestamp="2021-09-20T11:18:56 IST" skipped="0">
  <testcase classname="com.SwagLabs.TestCases.SwagLab_TC05" name="swagLabsTC05" time="47.715"/>
  <system-out/>
</testsuite> <!-- com.SwagLabs.TestCases.SwagLab_TC05 -->
