<?xml version="1.0" encoding="UTF-8"?>
<!-- Generated by org.testng.reporters.JUnitReportReporter -->
<testsuite hostname="USER-PC" failures="0" tests="1" name="com.SwagLabs.TestCases.SwagLab_TC01_MultipleProduct_Checkout" time="43.326" errors="0" timestamp="2021-09-20T21:53:36 IST" skipped="0">
  <testcase classname="com.SwagLabs.TestCases.SwagLab_TC01_MultipleProduct_Checkout" name="swagLabsTC01" time="43.326"/>
  <system-out/>
</testsuite> <!-- com.SwagLabs.TestCases.SwagLab_TC01_MultipleProduct_Checkout -->
