<?xml version="1.0" encoding="UTF-8"?>
<!-- Generated by org.testng.reporters.JUnitReportReporter -->
<testsuite hostname="USER-PC" failures="0" tests="1" name="com.SwagLabs.TestCases.SwagLab_TC04" time="37.841" errors="0" timestamp="2021-09-20T12:47:42 IST" skipped="0">
  <testcase classname="com.SwagLabs.TestCases.SwagLab_TC04" name="swagLabsTC04" time="37.841"/>
  <system-out/>
</testsuite> <!-- com.SwagLabs.TestCases.SwagLab_TC04 -->
