<?xml version="1.0" encoding="UTF-8"?>
<!-- Generated by org.testng.reporters.JUnitReportReporter -->
<testsuite hostname="USER-PC" failures="0" tests="1" name="com.SwagLabs.TestCases.SwagLab_TC05" time="64.448" errors="0" timestamp="2021-09-19T18:13:04 IST" skipped="0">
  <testcase classname="com.SwagLabs.TestCases.SwagLab_TC05" name="swagLabsTC05" time="64.448"/>
  <system-out/>
</testsuite> <!-- com.SwagLabs.TestCases.SwagLab_TC05 -->
