<?xml version="1.0" encoding="UTF-8"?>
<!-- Generated by org.testng.reporters.JUnitReportReporter -->
<testsuite hostname="DESKTOP-MIJIJ1K" failures="0" tests="1" name="com.SwagLabs.TestCases.SwagLab_TC01_MultipleProduct_Checkout" time="43.492" errors="0" timestamp="2021-10-17T21:10:51 IST" skipped="0">
  <testcase classname="com.SwagLabs.TestCases.SwagLab_TC01_MultipleProduct_Checkout" name="swagLabsTC01" time="43.492"/>
  <system-out/>
</testsuite> <!-- com.SwagLabs.TestCases.SwagLab_TC01_MultipleProduct_Checkout -->
