<?xml version="1.0" encoding="UTF-8"?>
<!-- Generated by org.testng.reporters.JUnitReportReporter -->
<testsuite hostname="USER-PC" failures="0" tests="1" name="com.SwagLabs.TestCases.SwagLab_TC09_ProblemUser_InventoryPageValidation" time="22.795" errors="0" timestamp="2021-09-23T19:29:46 IST" skipped="0">
  <testcase classname="com.SwagLabs.TestCases.SwagLab_TC09_ProblemUser_InventoryPageValidation" name="swagLabsTC10" time="22.795"/>
  <system-out/>
</testsuite> <!-- com.SwagLabs.TestCases.SwagLab_TC09_ProblemUser_InventoryPageValidation -->
