<?xml version="1.0" encoding="UTF-8"?>
<!-- Generated by org.testng.reporters.JUnitReportReporter -->
<testsuite skipped="0" hostname="DESKTOP-MIJIJ1K" name="com.SwagLabs.TestCases.SwagLab_TC10_ProblemUser_AddMultipleProduct" tests="1" failures="0" timestamp="2021-10-13T18:13:03 IST" time="17.044" errors="1">
  <testcase name="swagLabsTC10" time="17.044" classname="com.SwagLabs.TestCases.SwagLab_TC10_ProblemUser_AddMultipleProduct">
    <error type="java.nio.file.InvalidPathException" message="Illegal char &lt;:&gt; at index 28: C:/AppiumFramework/Reports/C:\AppiumFramework\Reports/extent-media.0/1634128981129.png">
      <![CDATA[java.nio.file.InvalidPathException: Illegal char <:> at index 28: C:/AppiumFramework/Reports/C:\AppiumFramework\Reports/extent-media.0/1634128981129.png
at sun.nio.fs.WindowsPathParser.normalize(WindowsPathParser.java:182)
at sun.nio.fs.WindowsPathParser.parse(WindowsPathParser.java:153)
at sun.nio.fs.WindowsPathParser.parse(WindowsPathParser.java:77)
at sun.nio.fs.WindowsPath.parse(WindowsPath.java:94)
at sun.nio.fs.WindowsFileSystem.getPath(WindowsFileSystem.java:255)
at java.nio.file.Paths.get(Paths.java:84)
at com.aventstack.extentreports.mediastorage.LocalMediaStorageHandler.storeMediaFileLocal(LocalMediaStorageHandler.java:77)
at com.aventstack.extentreports.mediastorage.LocalMediaStorageHandler.storeMedia(LocalMediaStorageHandler.java:29)
at com.aventstack.extentreports.reporter.BasicFileReporter.autoCreateRelativePathMedia(BasicFileReporter.java:260)
at com.aventstack.extentreports.reporter.BasicFileReporter.onScreenCaptureAdded(BasicFileReporter.java:243)
at com.aventstack.extentreports.ExtentObservable.addScreenCapture(ExtentObservable.java:374)
at com.aventstack.extentreports.ExtentTest.addLog(ExtentTest.java:363)
at com.aventstack.extentreports.ExtentTest.log(ExtentTest.java:308)
at com.SwagLabs.Utilities.Base.yourCart_ProductValidation(Base.java:652)
at com.SwagLabs.Pages.SwagLabs_YourCartPage.checkout(SwagLabs_YourCartPage.java:51)
at com.SwagLabs.TestCases.SwagLab_TC10_ProblemUser_AddMultipleProduct.swagLabsTC10(SwagLab_TC10_ProblemUser_AddMultipleProduct.java:49)
at sun.reflect.NativeMethodAccessorImpl.invoke0(Native Method)
at sun.reflect.NativeMethodAccessorImpl.invoke(NativeMethodAccessorImpl.java:62)
at sun.reflect.DelegatingMethodAccessorImpl.invoke(DelegatingMethodAccessorImpl.java:43)
at java.lang.reflect.Method.invoke(Method.java:498)
at org.testng.internal.MethodInvocationHelper.invokeMethod(MethodInvocationHelper.java:133)
at org.testng.internal.TestInvoker.invokeMethod(TestInvoker.java:598)
at org.testng.internal.TestInvoker.invokeTestMethod(TestInvoker.java:173)
at org.testng.internal.MethodRunner.runInSequence(MethodRunner.java:46)
at org.testng.internal.TestInvoker$MethodInvocationAgent.invoke(TestInvoker.java:824)
at org.testng.internal.TestInvoker.invokeTestMethods(TestInvoker.java:146)
at org.testng.internal.TestMethodWorker.invokeTestMethods(TestMethodWorker.java:146)
at org.testng.internal.TestMethodWorker.run(TestMethodWorker.java:128)
at java.util.ArrayList.forEach(ArrayList.java:1259)
at org.testng.TestRunner.privateRun(TestRunner.java:794)
at org.testng.TestRunner.run(TestRunner.java:596)
at org.testng.SuiteRunner.runTest(SuiteRunner.java:377)
at org.testng.SuiteRunner.runSequentially(SuiteRunner.java:371)
at org.testng.SuiteRunner.privateRun(SuiteRunner.java:332)
at org.testng.SuiteRunner.run(SuiteRunner.java:276)
at org.testng.SuiteRunnerWorker.runSuite(SuiteRunnerWorker.java:53)
at org.testng.SuiteRunnerWorker.run(SuiteRunnerWorker.java:96)
at org.testng.TestNG.runSuitesSequentially(TestNG.java:1212)
at org.testng.TestNG.runSuitesLocally(TestNG.java:1134)
at org.testng.TestNG.runSuites(TestNG.java:1063)
at org.testng.TestNG.run(TestNG.java:1031)
at org.testng.remote.AbstractRemoteTestNG.run(AbstractRemoteTestNG.java:115)
at org.testng.remote.RemoteTestNG.initAndRun(RemoteTestNG.java:251)
at org.testng.remote.RemoteTestNG.main(RemoteTestNG.java:77)
]]>
    </error>
  </testcase> <!-- swagLabsTC10 -->
  <system-out/>
</testsuite> <!-- com.SwagLabs.TestCases.SwagLab_TC10_ProblemUser_AddMultipleProduct -->
