<?xml version="1.0" encoding="UTF-8"?>
<!-- Generated by org.testng.reporters.JUnitReportReporter -->
<testsuite hostname="USER-PC" failures="0" tests="1" name="com.SwagLabs.TestCases.SwagLab_TC01" time="44.443" errors="0" timestamp="2021-09-20T11:18:56 IST" skipped="0">
  <testcase classname="com.SwagLabs.TestCases.SwagLab_TC01" name="swagLabsTC01" time="44.443"/>
  <system-out/>
</testsuite> <!-- com.SwagLabs.TestCases.SwagLab_TC01 -->
